e:\archive\computer graphics\coursework\copy of courseworks\final version\coursework\opengltemplate\x64\debug\vc142.pdb
e:\archive\computer graphics\coursework\copy of courseworks\final version\coursework\opengltemplate\x64\debug\vc142.idb
e:\archive\computer graphics\coursework\copy of courseworks\final version\coursework\opengltemplate\x64\debug\tree.obj
e:\archive\computer graphics\coursework\copy of courseworks\final version\coursework\opengltemplate\x64\debug\texture.obj
e:\archive\computer graphics\coursework\copy of courseworks\final version\coursework\opengltemplate\x64\debug\sphere.obj
e:\archive\computer graphics\coursework\copy of courseworks\final version\coursework\opengltemplate\x64\debug\skybox.obj
e:\archive\computer graphics\coursework\copy of courseworks\final version\coursework\opengltemplate\x64\debug\shaders.obj
e:\archive\computer graphics\coursework\copy of courseworks\final version\coursework\opengltemplate\x64\debug\plane.obj
e:\archive\computer graphics\coursework\copy of courseworks\final version\coursework\opengltemplate\x64\debug\openassetimportmesh.obj
e:\archive\computer graphics\coursework\copy of courseworks\final version\coursework\opengltemplate\x64\debug\matrixstack.obj
e:\archive\computer graphics\coursework\copy of courseworks\final version\coursework\opengltemplate\x64\debug\house.obj
e:\archive\computer graphics\coursework\copy of courseworks\final version\coursework\opengltemplate\x64\debug\highresolutiontimer.obj
e:\archive\computer graphics\coursework\copy of courseworks\final version\coursework\opengltemplate\x64\debug\heightmapterrain.obj
e:\archive\computer graphics\coursework\copy of courseworks\final version\coursework\opengltemplate\x64\debug\gamewindow.obj
e:\archive\computer graphics\coursework\copy of courseworks\final version\coursework\opengltemplate\x64\debug\game.obj
e:\archive\computer graphics\coursework\copy of courseworks\final version\coursework\opengltemplate\x64\debug\freetypefont.obj
e:\archive\computer graphics\coursework\copy of courseworks\final version\coursework\opengltemplate\x64\debug\framebufferobject.obj
e:\archive\computer graphics\coursework\copy of courseworks\final version\coursework\opengltemplate\x64\debug\facevertexmesh.obj
e:\archive\computer graphics\coursework\copy of courseworks\final version\coursework\opengltemplate\x64\debug\cubemap.obj
e:\archive\computer graphics\coursework\copy of courseworks\final version\coursework\opengltemplate\x64\debug\catmullrom.obj
e:\archive\computer graphics\coursework\copy of courseworks\final version\coursework\opengltemplate\x64\debug\camera.obj
e:\archive\computer graphics\coursework\copy of courseworks\final version\coursework\opengltemplate\x64\debug\audio.obj
e:\archive\computer graphics\coursework\copy of courseworks\final version\coursework\opengltemplate\x64\debug\vertexbufferobjectindexed.obj
e:\archive\computer graphics\coursework\copy of courseworks\final version\coursework\opengltemplate\x64\debug\vertexbufferobject.obj
e:\archive\computer graphics\coursework\copy of courseworks\final version\coursework\x64\debug\opengltemplate.ilk
e:\archive\computer graphics\coursework\copy of courseworks\final version\coursework\x64\debug\opengltemplate.exe
e:\archive\computer graphics\coursework\copy of courseworks\final version\coursework\x64\debug\opengltemplate.pdb
e:\archive\computer graphics\coursework\copy of courseworks\final version\coursework\x64\debug\opengltemplate.lib
e:\archive\computer graphics\coursework\copy of courseworks\final version\coursework\x64\debug\opengltemplate.exp
e:\archive\computer graphics\coursework\copy of courseworks\final version\coursework\opengltemplate\x64\debug\opengltemplate.tlog\cl.command.1.tlog
e:\archive\computer graphics\coursework\copy of courseworks\final version\coursework\opengltemplate\x64\debug\opengltemplate.tlog\cl.read.1.tlog
e:\archive\computer graphics\coursework\copy of courseworks\final version\coursework\opengltemplate\x64\debug\opengltemplate.tlog\cl.write.1.tlog
e:\archive\computer graphics\coursework\copy of courseworks\final version\coursework\opengltemplate\x64\debug\opengltemplate.tlog\link.command.1.tlog
e:\archive\computer graphics\coursework\copy of courseworks\final version\coursework\opengltemplate\x64\debug\opengltemplate.tlog\link.read.1.tlog
e:\archive\computer graphics\coursework\copy of courseworks\final version\coursework\opengltemplate\x64\debug\opengltemplate.tlog\link.write.1.tlog
e:\archive\computer graphics\coursework\copy of courseworks\final version\coursework\opengltemplate\x64\debug\opengltemplate.tlog\opengltemplate.write.1u.tlog
