  Audio.cpp
  Camera.cpp
  CatmullRom.cpp
E:\Archive\Computer Graphics\Coursework\Final coursework\Coursework\OpenGLTemplate\CatmullRom.cpp(249,42): warning C4267: 'initializing': conversion from 'size_t' to 'int', possible loss of data
E:\Archive\Computer Graphics\Coursework\Final coursework\Coursework\OpenGLTemplate\CatmullRom.cpp(250,29): warning C4018: '<': signed/unsigned mismatch
E:\Archive\Computer Graphics\Coursework\Final coursework\Coursework\OpenGLTemplate\CatmullRom.cpp(281,39): warning C4267: '=': conversion from 'size_t' to 'int', possible loss of data
E:\Archive\Computer Graphics\Coursework\Final coursework\Coursework\OpenGLTemplate\CatmullRom.cpp(282,29): warning C4018: '<': signed/unsigned mismatch
E:\Archive\Computer Graphics\Coursework\Final coursework\Coursework\OpenGLTemplate\CatmullRom.cpp(354,33): warning C4267: '=': conversion from 'size_t' to 'unsigned int', possible loss of data
E:\Archive\Computer Graphics\Coursework\Final coursework\Coursework\OpenGLTemplate\CatmullRom.cpp(380,54): warning C4267: 'argument': conversion from 'size_t' to 'GLsizei', possible loss of data
E:\Archive\Computer Graphics\Coursework\Final coursework\Coursework\OpenGLTemplate\CatmullRom.cpp(381,57): warning C4267: 'argument': conversion from 'size_t' to 'GLsizei', possible loss of data
E:\Archive\Computer Graphics\Coursework\Final coursework\Coursework\OpenGLTemplate\CatmullRom.cpp(391,58): warning C4267: 'argument': conversion from 'size_t' to 'GLsizei', possible loss of data
E:\Archive\Computer Graphics\Coursework\Final coursework\Coursework\OpenGLTemplate\CatmullRom.cpp(397,59): warning C4267: 'argument': conversion from 'size_t' to 'GLsizei', possible loss of data
  Cubemap.cpp
  FaceVertexMesh.cpp
E:\Archive\Computer Graphics\Coursework\Final coursework\Coursework\OpenGLTemplate\FaceVertexMesh.cpp(116,84): warning C4267: 'argument': conversion from 'size_t' to 'GLsizei', possible loss of data
  FreeTypeFont.cpp
E:\Archive\Computer Graphics\Coursework\Final coursework\Coursework\OpenGLTemplate\FreeTypeFont.h(3,10): fatal error C1083: Cannot open include file: 'ft2build.h': No such file or directory
  Game.cpp
E:\Archive\Computer Graphics\Coursework\Final coursework\Coursework\OpenGLTemplate\FreeTypeFont.h(3,10): fatal error C1083: Cannot open include file: 'ft2build.h': No such file or directory
  GameWindow.cpp
  HeightMapTerrain.cpp
  HighResolutionTimer.cpp
  House.cpp
  MatrixStack.cpp
  OpenAssetImportMesh.cpp
E:\Archive\Computer Graphics\Coursework\Final coursework\Coursework\OpenGLTemplate\OpenAssetImportMesh.h(26,10): fatal error C1083: Cannot open include file: 'Importer.hpp': No such file or directory
  Plane.cpp
  Shaders.cpp
  Skybox.cpp
  Sphere.cpp
  Texture.cpp
  Tree.cpp
  VertexBufferObject.cpp
  Compiling...
  VertexBufferObjectIndexed.cpp
